android/app/build/outputs/logs/manifest-merger-release-report.txt
-- Merging decision tree log ---
manifest
ADDED from src/main/AndroidManifest.xml:1:1-47:12
	package
		ADDED from src/main/AndroidManifest.xml:2:5-32
		INJECTED from src/main/AndroidManifest.xml
		INJECTED from src/main/AndroidManifest.xml
	android:versionName
		ADDED from src/main/AndroidManifest.xml:4:5-30
		INJECTED from src/main/AndroidManifest.xml
		INJECTED from src/main/AndroidManifest.xml
	android:versionCode
		ADDED from src/main/AndroidManifest.xml:3:5-28
		INJECTED from src/main/AndroidManifest.xml
		INJECTED from src/main/AndroidManifest.xml
	xmlns:android
		ADDED from src/main/AndroidManifest.xml:1:11-69
uses-permission#android.permission.INTERNET
ADDED from src/main/AndroidManifest.xml:6:5-67
MERGED from [com.google.firebase:firebase-analytics:11.0.4] AndroidManifest.xml:20:5-66
MERGED from [com.google.firebase:firebase-analytics-impl:11.0.4] AndroidManifest.xml:20:5-66
MERGED from [com.google.firebase:firebase-iid:11.0.4] AndroidManifest.xml:20:5-66
	android:name
		ADDED from src/main/AndroidManifest.xml:6:22-64
uses-permission#android.permission.SYSTEM_ALERT_WINDOW
ADDED from src/main/AndroidManifest.xml:7:5-77
MERGED from [com.facebook.react:react-native:0.48.3] AndroidManifest.xml:11:5-78
	android:name
		ADDED from src/main/AndroidManifest.xml:7:22-75
uses-permission#android.permission.ACCESS_FINE_LOCATION
ADDED from src/main/AndroidManifest.xml:8:5-79
	android:name
		ADDED from src/main/AndroidManifest.xml:8:22-76
uses-sdk
ADDED from src/main/AndroidManifest.xml:10:5-12:41
MERGED from [waterDisposal:react-native-camera:unspecified] AndroidManifest.xml:7:5-9:41
MERGED from [waterDisposal:react-native-fcm:unspecified] AndroidManifest.xml:7:5-9:41
MERGED from [com.google.firebase:firebase-messaging:11.0.4] AndroidManifest.xml:17:5-43
MERGED from [me.leolin:ShortcutBadger:1.1.17] AndroidManifest.xml:7:5-9:41
MERGED from [waterDisposal:react-native-image-picker:unspecified] AndroidManifest.xml:7:5-9:41
MERGED from [waterDisposal:react-native-fingerprint-scanner:unspecified] AndroidManifest.xml:7:5-9:41
MERGED from [com.wei.android.lib:fingerprintidentify:1.1.4] AndroidManifest.xml:8:5-10:41
MERGED from [com.facebook.react:react-native:0.48.3] AndroidManifest.xml:7:5-9:41
MERGED from [com.android.support:appcompat-v7:25.3.1] AndroidManifest.xml:21:5-23:78
MERGED from [com.android.support:animated-vector-drawable:25.3.1] AndroidManifest.xml:20:5-44
MERGED from [com.android.support:support-vector-drawable:25.3.1] AndroidManifest.xml:20:5-43
MERGED from [com.facebook.fbui.textlayoutbuilder:textlayoutbuilder:1.0.0] AndroidManifest.xml:14:5-16:41
MERGED from [com.facebook.fresco:fresco:1.3.0] AndroidManifest.xml:5:5-7:41
MERGED from [com.facebook.fresco:drawee:1.3.0] AndroidManifest.xml:5:5-7:41
MERGED from [com.facebook.fresco:imagepipeline-okhttp3:1.3.0] AndroidManifest.xml:5:5-7:41
MERGED from [com.facebook.fresco:imagepipeline:1.3.0] AndroidManifest.xml:5:5-7:41
MERGED from [com.facebook.fresco:imagepipeline-base:1.3.0] AndroidManifest.xml:5:5-7:41
MERGED from [com.facebook.fresco:fbcore:1.3.0] AndroidManifest.xml:5:5-7:41
MERGED from [com.facebook.soloader:soloader:0.1.0] AndroidManifest.xml:2:3-70
MERGED from [com.google.firebase:firebase-core:11.0.4] AndroidManifest.xml:4:5-43
MERGED from [com.google.firebase:firebase-analytics:11.0.4] AndroidManifest.xml:17:5-43
MERGED from [com.google.firebase:firebase-analytics-impl:11.0.4] AndroidManifest.xml:17:5-43
MERGED from [com.google.firebase:firebase-iid:11.0.4] AndroidManifest.xml:17:5-43
MERGED from [com.google.firebase:firebase-common:11.0.4] AndroidManifest.xml:3:5-43
MERGED from [com.google.android.gms:play-services-tasks:11.0.4] AndroidManifest.xml:3:5-43
MERGED from [com.google.android.gms:play-services-basement:11.0.4] AndroidManifest.xml:17:5-43
MERGED from [com.android.support:support-v4:25.3.1] AndroidManifest.xml:21:5-23:54
MERGED from [com.android.support:support-fragment:25.3.1] AndroidManifest.xml:21:5-23:60
MERGED from [com.android.support:support-media-compat:25.3.1] AndroidManifest.xml:21:5-23:63
MERGED from [com.android.support:support-core-ui:25.3.1] AndroidManifest.xml:21:5-23:58
MERGED from [com.android.support:support-core-utils:25.3.1] AndroidManifest.xml:21:5-23:61
MERGED from [com.android.support:support-compat:25.3.1] AndroidManifest.xml:21:5-23:58
	tools:overrideLibrary
		ADDED from [com.android.support:appcompat-v7:25.3.1] AndroidManifest.xml:23:9-75
	android:targetSdkVersion
		ADDED from src/main/AndroidManifest.xml:12:9-38
		INJECTED from src/main/AndroidManifest.xml
		INJECTED from src/main/AndroidManifest.xml
	android:minSdkVersion
		ADDED from src/main/AndroidManifest.xml:11:9-35
		INJECTED from src/main/AndroidManifest.xml
		INJECTED from src/main/AndroidManifest.xml
application
ADDED from src/main/AndroidManifest.xml:14:5-45:19
MERGED from [com.google.firebase:firebase-messaging:11.0.4] AndroidManifest.xml:19:5-29:19
MERGED from [waterDisposal:react-native-image-picker:unspecified] AndroidManifest.xml:11:5-21:19
MERGED from [com.facebook.react:react-native:0.48.3] AndroidManifest.xml:13:5-20
MERGED from [com.android.support:appcompat-v7:25.3.1] AndroidManifest.xml:29:5-20
MERGED from [com.android.support:animated-vector-drawable:25.3.1] AndroidManifest.xml:26:5-20
MERGED from [com.android.support:support-vector-drawable:25.3.1] AndroidManifest.xml:26:5-20
MERGED from [com.facebook.soloader:soloader:0.1.0] AndroidManifest.xml:3:3-17
MERGED from [org.webkit:android-jsc:r174650] AndroidManifest.xml:2:3-17
MERGED from [com.google.firebase:firebase-core:11.0.4] AndroidManifest.xml:5:5-20
MERGED from [com.google.firebase:firebase-analytics:11.0.4] AndroidManifest.xml:24:5-34:19
MERGED from [com.google.firebase:firebase-analytics-impl:11.0.4] AndroidManifest.xml:24:5-28:19
MERGED from [com.google.firebase:firebase-iid:11.0.4] AndroidManifest.xml:28:5-49:19
MERGED from [com.google.firebase:firebase-common:11.0.4] AndroidManifest.xml:4:5-7:19
MERGED from [com.google.android.gms:play-services-tasks:11.0.4] AndroidManifest.xml:4:5-19
MERGED from [com.google.android.gms:play-services-basement:11.0.4] AndroidManifest.xml:19:5-21:19
MERGED from [com.android.support:support-v4:25.3.1] AndroidManifest.xml:29:5-20
MERGED from [com.android.support:support-fragment:25.3.1] AndroidManifest.xml:29:5-20
MERGED from [com.android.support:support-media-compat:25.3.1] AndroidManifest.xml:29:5-20
MERGED from [com.android.support:support-core-ui:25.3.1] AndroidManifest.xml:29:5-20
MERGED from [com.android.support:support-core-utils:25.3.1] AndroidManifest.xml:29:5-20
MERGED from [com.android.support:support-compat:25.3.1] AndroidManifest.xml:29:5-20
	android:label
		ADDED from src/main/AndroidManifest.xml:17:7-39
	android:allowBackup
		ADDED from src/main/AndroidManifest.xml:16:7-33
	android:icon
		ADDED from src/main/AndroidManifest.xml:18:7-41
	android:theme
		ADDED from src/main/AndroidManifest.xml:19:7-38
	android:name
		ADDED from src/main/AndroidManifest.xml:15:7-38
service#com.evollu.react.fcm.MessagingService
ADDED from src/main/AndroidManifest.xml:20:13-24:23
	android:enabled
		ADDED from src/main/AndroidManifest.xml:20:75-97
	android:exported
		ADDED from src/main/AndroidManifest.xml:20:98-121
	android:name
		ADDED from src/main/AndroidManifest.xml:20:22-74
intent-filter#com.google.firebase.MESSAGING_EVENT
ADDED from src/main/AndroidManifest.xml:21:18-23:34
action#com.google.firebase.MESSAGING_EVENT
ADDED from src/main/AndroidManifest.xml:22:21-81
	android:name
		ADDED from src/main/AndroidManifest.xml:22:29-79
service#com.evollu.react.fcm.InstanceIdService
ADDED from src/main/AndroidManifest.xml:26:13-30:23
	android:exported
		ADDED from src/main/AndroidManifest.xml:26:76-100
	android:name
		ADDED from src/main/AndroidManifest.xml:26:22-75
intent-filter#com.google.firebase.INSTANCE_ID_EVENT
ADDED from src/main/AndroidManifest.xml:27:17-29:33
action#com.google.firebase.INSTANCE_ID_EVENT
ADDED from src/main/AndroidManifest.xml:28:21-83
	android:name
		ADDED from src/main/AndroidManifest.xml:28:29-81
activity#com.waterdisposal.MainActivity
ADDED from src/main/AndroidManifest.xml:32:7-43:18
	android:label
		ADDED from src/main/AndroidManifest.xml:34:9-41
	android:launchMode
		ADDED from src/main/AndroidManifest.xml:37:9-39
	android:windowSoftInputMode
		ADDED from src/main/AndroidManifest.xml:36:9-48
	android:configChanges
		ADDED from src/main/AndroidManifest.xml:35:9-79
	android:name
		ADDED from src/main/AndroidManifest.xml:33:9-37
intent-filter#android.intent.action.MAIN+android.intent.category.LAUNCHER
ADDED from src/main/AndroidManifest.xml:39:9-42:25
action#android.intent.action.MAIN
ADDED from src/main/AndroidManifest.xml:40:13-65
	android:name
		ADDED from src/main/AndroidManifest.xml:40:21-62
category#android.intent.category.LAUNCHER
ADDED from src/main/AndroidManifest.xml:41:13-73
	android:name
		ADDED from src/main/AndroidManifest.xml:41:23-70
activity#com.facebook.react.devsupport.DevSettingsActivity
ADDED from src/main/AndroidManifest.xml:44:7-84
	android:name
		ADDED from src/main/AndroidManifest.xml:44:17-81
uses-permission#android.permission.CAMERA
ADDED from [waterDisposal:react-native-camera:unspecified] AndroidManifest.xml:11:5-65
	android:name
		ADDED from [waterDisposal:react-native-camera:unspecified] AndroidManifest.xml:11:22-62
uses-feature#android.hardware.camera
ADDED from [waterDisposal:react-native-camera:unspecified] AndroidManifest.xml:13:5-15:36
	android:required
		ADDED from [waterDisposal:react-native-camera:unspecified] AndroidManifest.xml:15:9-33
	android:name
		ADDED from [waterDisposal:react-native-camera:unspecified] AndroidManifest.xml:14:9-47
uses-feature#android.hardware.camera.autofocus
ADDED from [waterDisposal:react-native-camera:unspecified] AndroidManifest.xml:16:5-18:36
	android:required
		ADDED from [waterDisposal:react-native-camera:unspecified] AndroidManifest.xml:18:9-33
	android:name
		ADDED from [waterDisposal:react-native-camera:unspecified] AndroidManifest.xml:17:9-57
service#com.google.firebase.messaging.FirebaseMessagingService
ADDED from [com.google.firebase:firebase-messaging:11.0.4] AndroidManifest.xml:23:9-27:19
	android:exported
		ADDED from [com.google.firebase:firebase-messaging:11.0.4] AndroidManifest.xml:23:88-111
	android:name
		ADDED from [com.google.firebase:firebase-messaging:11.0.4] AndroidManifest.xml:23:18-87
uses-permission#com.sec.android.provider.badge.permission.READ
ADDED from [me.leolin:ShortcutBadger:1.1.17] AndroidManifest.xml:19:5-86
	android:name
		ADDED from [me.leolin:ShortcutBadger:1.1.17] AndroidManifest.xml:19:22-83
uses-permission#com.sec.android.provider.badge.permission.WRITE
ADDED from [me.leolin:ShortcutBadger:1.1.17] AndroidManifest.xml:20:5-87
	android:name
		ADDED from [me.leolin:ShortcutBadger:1.1.17] AndroidManifest.xml:20:22-84
uses-permission#com.htc.launcher.permission.READ_SETTINGS
ADDED from [me.leolin:ShortcutBadger:1.1.17] AndroidManifest.xml:23:5-81
	android:name
		ADDED from [me.leolin:ShortcutBadger:1.1.17] AndroidManifest.xml:23:22-78
uses-permission#com.htc.launcher.permission.UPDATE_SHORTCUT
ADDED from [me.leolin:ShortcutBadger:1.1.17] AndroidManifest.xml:24:5-83
	android:name
		ADDED from [me.leolin:ShortcutBadger:1.1.17] AndroidManifest.xml:24:22-80
uses-permission#com.sonyericsson.home.permission.BROADCAST_BADGE
ADDED from [me.leolin:ShortcutBadger:1.1.17] AndroidManifest.xml:27:5-88
	android:name
		ADDED from [me.leolin:ShortcutBadger:1.1.17] AndroidManifest.xml:27:22-85
uses-permission#com.sonymobile.home.permission.PROVIDER_INSERT_BADGE
ADDED from [me.leolin:ShortcutBadger:1.1.17] AndroidManifest.xml:28:5-92
	android:name
		ADDED from [me.leolin:ShortcutBadger:1.1.17] AndroidManifest.xml:28:22-89
uses-permission#com.anddoes.launcher.permission.UPDATE_COUNT
ADDED from [me.leolin:ShortcutBadger:1.1.17] AndroidManifest.xml:31:5-84
	android:name
		ADDED from [me.leolin:ShortcutBadger:1.1.17] AndroidManifest.xml:31:22-81
uses-permission#com.majeur.launcher.permission.UPDATE_BADGE
ADDED from [me.leolin:ShortcutBadger:1.1.17] AndroidManifest.xml:34:5-83
	android:name
		ADDED from [me.leolin:ShortcutBadger:1.1.17] AndroidManifest.xml:34:22-80
uses-permission#com.huawei.android.launcher.permission.CHANGE_BADGE
ADDED from [me.leolin:ShortcutBadger:1.1.17] AndroidManifest.xml:37:5-91
	android:name
		ADDED from [me.leolin:ShortcutBadger:1.1.17] AndroidManifest.xml:37:22-88
uses-permission#com.huawei.android.launcher.permission.READ_SETTINGS
ADDED from [me.leolin:ShortcutBadger:1.1.17] AndroidManifest.xml:38:5-92
	android:name
		ADDED from [me.leolin:ShortcutBadger:1.1.17] AndroidManifest.xml:38:22-89
uses-permission#com.huawei.android.launcher.permission.WRITE_SETTINGS
ADDED from [me.leolin:ShortcutBadger:1.1.17] AndroidManifest.xml:39:5-93
	android:name
		ADDED from [me.leolin:ShortcutBadger:1.1.17] AndroidManifest.xml:39:22-90
uses-permission#android.permission.READ_APP_BADGE
ADDED from [me.leolin:ShortcutBadger:1.1.17] AndroidManifest.xml:42:5-73
	android:name
		ADDED from [me.leolin:ShortcutBadger:1.1.17] AndroidManifest.xml:42:22-70
uses-permission#com.oppo.launcher.permission.READ_SETTINGS
ADDED from [me.leolin:ShortcutBadger:1.1.17] AndroidManifest.xml:45:5-82
	android:name
		ADDED from [me.leolin:ShortcutBadger:1.1.17] AndroidManifest.xml:45:22-79
uses-permission#com.oppo.launcher.permission.WRITE_SETTINGS
ADDED from [me.leolin:ShortcutBadger:1.1.17] AndroidManifest.xml:46:5-83
	android:name
		ADDED from [me.leolin:ShortcutBadger:1.1.17] AndroidManifest.xml:46:22-80
uses-permission#me.everything.badger.permission.BADGE_COUNT_READ
ADDED from [me.leolin:ShortcutBadger:1.1.17] AndroidManifest.xml:49:5-88
	android:name
		ADDED from [me.leolin:ShortcutBadger:1.1.17] AndroidManifest.xml:49:22-85
uses-permission#me.everything.badger.permission.BADGE_COUNT_WRITE
ADDED from [me.leolin:ShortcutBadger:1.1.17] AndroidManifest.xml:50:5-89
	android:name
		ADDED from [me.leolin:ShortcutBadger:1.1.17] AndroidManifest.xml:50:22-86
provider#android.support.v4.content.FileProvider
ADDED from [waterDisposal:react-native-image-picker:unspecified] AndroidManifest.xml:12:9-20:20
	android:authorities
		ADDED from [waterDisposal:react-native-image-picker:unspecified] AndroidManifest.xml:14:13-60
	android:grantUriPermissions
		ADDED from [waterDisposal:react-native-image-picker:unspecified] AndroidManifest.xml:16:13-47
	android:exported
		ADDED from [waterDisposal:react-native-image-picker:unspecified] AndroidManifest.xml:15:13-37
	android:name
		ADDED from [waterDisposal:react-native-image-picker:unspecified] AndroidManifest.xml:13:13-67
meta-data#android.support.FILE_PROVIDER_PATHS
ADDED from [waterDisposal:react-native-image-picker:unspecified] AndroidManifest.xml:17:13-19:58
	android:resource
		ADDED from [waterDisposal:react-native-image-picker:unspecified] AndroidManifest.xml:19:17-55
	android:name
		ADDED from [waterDisposal:react-native-image-picker:unspecified] AndroidManifest.xml:18:17-67
uses-permission#android.permission.USE_FINGERPRINT
ADDED from [waterDisposal:react-native-fingerprint-scanner:unspecified] AndroidManifest.xml:11:5-74
	android:name
		ADDED from [waterDisposal:react-native-fingerprint-scanner:unspecified] AndroidManifest.xml:11:22-71
uses-permission#com.fingerprints.service.ACCESS_FINGERPRINT_MANAGER
ADDED from [waterDisposal:react-native-fingerprint-scanner:unspecified] AndroidManifest.xml:12:5-91
	android:name
		ADDED from [waterDisposal:react-native-fingerprint-scanner:unspecified] AndroidManifest.xml:12:22-88
uses-permission#com.samsung.android.providers.context.permission.WRITE_USE_APP_FEATURE_SURVEY
ADDED from [waterDisposal:react-native-fingerprint-scanner:unspecified] AndroidManifest.xml:13:5-117
	android:name
		ADDED from [waterDisposal:react-native-fingerprint-scanner:unspecified] AndroidManifest.xml:13:22-114
meta-data#android.support.VERSION
ADDED from [com.android.support:appcompat-v7:25.3.1] AndroidManifest.xml:25:5-27:34
MERGED from [com.android.support:animated-vector-drawable:25.3.1] AndroidManifest.xml:22:5-24:34
MERGED from [com.android.support:support-vector-drawable:25.3.1] AndroidManifest.xml:22:5-24:34
MERGED from [com.android.support:support-v4:25.3.1] AndroidManifest.xml:25:5-27:34
MERGED from [com.android.support:support-fragment:25.3.1] AndroidManifest.xml:25:5-27:34
MERGED from [com.android.support:support-media-compat:25.3.1] AndroidManifest.xml:25:5-27:34
MERGED from [com.android.support:support-core-ui:25.3.1] AndroidManifest.xml:25:5-27:34
MERGED from [com.android.support:support-core-utils:25.3.1] AndroidManifest.xml:25:5-27:34
MERGED from [com.android.support:support-compat:25.3.1] AndroidManifest.xml:25:5-27:34
	android:value
		ADDED from [com.android.support:appcompat-v7:25.3.1] AndroidManifest.xml:27:9-31
	android:name
		ADDED from [com.android.support:appcompat-v7:25.3.1] AndroidManifest.xml:26:9-47
android:uses-permission#android.permission.WRITE_EXTERNAL_STORAGE
IMPLIED from src/main/AndroidManifest.xml:1:1-47:12 reason: org.webkit.android_jsc has a targetSdkVersion < 4
android:uses-permission#android.permission.READ_PHONE_STATE
IMPLIED from src/main/AndroidManifest.xml:1:1-47:12 reason: org.webkit.android_jsc has a targetSdkVersion < 4
android:uses-permission#android.permission.READ_EXTERNAL_STORAGE
IMPLIED from src/main/AndroidManifest.xml:1:1-47:12 reason: org.webkit.android_jsc requested WRITE_EXTERNAL_STORAGE
uses-permission#android.permission.ACCESS_NETWORK_STATE
ADDED from [com.google.firebase:firebase-analytics:11.0.4] AndroidManifest.xml:21:5-78
MERGED from [com.google.firebase:firebase-analytics-impl:11.0.4] AndroidManifest.xml:21:5-78
MERGED from [com.google.firebase:firebase-iid:11.0.4] AndroidManifest.xml:19:5-78
	android:name
		ADDED from [com.google.firebase:firebase-analytics:11.0.4] AndroidManifest.xml:21:22-76
uses-permission#android.permission.WAKE_LOCK
ADDED from [com.google.firebase:firebase-analytics:11.0.4] AndroidManifest.xml:22:5-67
MERGED from [com.google.firebase:firebase-analytics-impl:11.0.4] AndroidManifest.xml:22:5-67
MERGED from [com.google.firebase:firebase-iid:11.0.4] AndroidManifest.xml:21:5-67
	android:name
		ADDED from [com.google.firebase:firebase-analytics:11.0.4] AndroidManifest.xml:22:22-65
receiver#com.google.android.gms.measurement.AppMeasurementReceiver
ADDED from [com.google.firebase:firebase-analytics:11.0.4] AndroidManifest.xml:25:7-26:18
MERGED from [com.google.firebase:firebase-analytics-impl:11.0.4] AndroidManifest.xml:25:7-26:18
	android:enabled
		ADDED from [com.google.firebase:firebase-analytics:11.0.4] AndroidManifest.xml:25:90-112
	android:exported
		ADDED from [com.google.firebase:firebase-analytics:11.0.4] AndroidManifest.xml:25:113-137
	android:name
		ADDED from [com.google.firebase:firebase-analytics:11.0.4] AndroidManifest.xml:25:17-89
receiver#com.google.android.gms.measurement.AppMeasurementInstallReferrerReceiver
ADDED from [com.google.firebase:firebase-analytics:11.0.4] AndroidManifest.xml:27:7-31:18
	android:enabled
		ADDED from [com.google.firebase:firebase-analytics:11.0.4] AndroidManifest.xml:27:162-184
	android:exported
		ADDED from [com.google.firebase:firebase-analytics:11.0.4] AndroidManifest.xml:27:185-208
	android:permission
		ADDED from [com.google.firebase:firebase-analytics:11.0.4] AndroidManifest.xml:27:105-161
	android:name
		ADDED from [com.google.firebase:firebase-analytics:11.0.4] AndroidManifest.xml:27:17-104
intent-filter#com.android.vending.INSTALL_REFERRER
ADDED from [com.google.firebase:firebase-analytics:11.0.4] AndroidManifest.xml:28:11-30:27
action#com.android.vending.INSTALL_REFERRER
ADDED from [com.google.firebase:firebase-analytics:11.0.4] AndroidManifest.xml:29:15-76
	android:name
		ADDED from [com.google.firebase:firebase-analytics:11.0.4] AndroidManifest.xml:29:23-74
service#com.google.android.gms.measurement.AppMeasurementService
ADDED from [com.google.firebase:firebase-analytics:11.0.4] AndroidManifest.xml:32:7-137
MERGED from [com.google.firebase:firebase-analytics-impl:11.0.4] AndroidManifest.xml:27:7-137
	android:enabled
		ADDED from [com.google.firebase:firebase-analytics:11.0.4] AndroidManifest.xml:32:88-110
	android:exported
		ADDED from [com.google.firebase:firebase-analytics:11.0.4] AndroidManifest.xml:32:111-135
	android:name
		ADDED from [com.google.firebase:firebase-analytics:11.0.4] AndroidManifest.xml:32:16-87
service#com.google.android.gms.measurement.AppMeasurementJobService
ADDED from [com.google.firebase:firebase-analytics:11.0.4] AndroidManifest.xml:33:7-197
	android:enabled
		ADDED from [com.google.firebase:firebase-analytics:11.0.4] AndroidManifest.xml:33:148-170
	android:exported
		ADDED from [com.google.firebase:firebase-analytics:11.0.4] AndroidManifest.xml:33:171-195
	android:permission
		ADDED from [com.google.firebase:firebase-analytics:11.0.4] AndroidManifest.xml:33:91-147
	android:name
		ADDED from [com.google.firebase:firebase-analytics:11.0.4] AndroidManifest.xml:33:16-90
uses-permission#com.google.android.c2dm.permission.RECEIVE
ADDED from [com.google.firebase:firebase-iid:11.0.4] AndroidManifest.xml:22:5-81
	android:name
		ADDED from [com.google.firebase:firebase-iid:11.0.4] AndroidManifest.xml:22:22-79
permission#${applicationId}.permission.C2D_MESSAGE
ADDED from [com.google.firebase:firebase-iid:11.0.4] AndroidManifest.xml:24:5-109
	android:protectionLevel
		ADDED from [com.google.firebase:firebase-iid:11.0.4] AndroidManifest.xml:24:72-107
	android:name
		ADDED from [com.google.firebase:firebase-iid:11.0.4] AndroidManifest.xml:24:17-71
uses-permission#${applicationId}.permission.C2D_MESSAGE
ADDED from [com.google.firebase:firebase-iid:11.0.4] AndroidManifest.xml:26:5-78
	android:name
		ADDED from [com.google.firebase:firebase-iid:11.0.4] AndroidManifest.xml:26:22-76
receiver#com.google.firebase.iid.FirebaseInstanceIdReceiver
ADDED from [com.google.firebase:firebase-iid:11.0.4] AndroidManifest.xml:30:9-35:20
	android:exported
		ADDED from [com.google.firebase:firebase-iid:11.0.4] AndroidManifest.xml:30:85-108
	android:permission
		ADDED from [com.google.firebase:firebase-iid:11.0.4] AndroidManifest.xml:30:109-169
	android:name
		ADDED from [com.google.firebase:firebase-iid:11.0.4] AndroidManifest.xml:30:19-84
intent-filter#${applicationId}+com.google.android.c2dm.intent.RECEIVE
ADDED from [com.google.firebase:firebase-iid:11.0.4] AndroidManifest.xml:31:13-34:29
action#com.google.android.c2dm.intent.RECEIVE
ADDED from [com.google.firebase:firebase-iid:11.0.4] AndroidManifest.xml:32:17-80
	android:name
		ADDED from [com.google.firebase:firebase-iid:11.0.4] AndroidManifest.xml:32:25-78
category#${applicationId}
ADDED from [com.google.firebase:firebase-iid:11.0.4] AndroidManifest.xml:33:17-60
	android:name
		ADDED from [com.google.firebase:firebase-iid:11.0.4] AndroidManifest.xml:33:27-58
receiver#com.google.firebase.iid.FirebaseInstanceIdInternalReceiver
ADDED from [com.google.firebase:firebase-iid:11.0.4] AndroidManifest.xml:39:9-119
	android:exported
		ADDED from [com.google.firebase:firebase-iid:11.0.4] AndroidManifest.xml:39:93-117
	android:name
		ADDED from [com.google.firebase:firebase-iid:11.0.4] AndroidManifest.xml:39:19-92
service#com.google.firebase.iid.FirebaseInstanceIdService
ADDED from [com.google.firebase:firebase-iid:11.0.4] AndroidManifest.xml:43:9-47:19
	android:exported
		ADDED from [com.google.firebase:firebase-iid:11.0.4] AndroidManifest.xml:43:83-106
	android:name
		ADDED from [com.google.firebase:firebase-iid:11.0.4] AndroidManifest.xml:43:18-82
provider#com.google.firebase.provider.FirebaseInitProvider
ADDED from [com.google.firebase:firebase-common:11.0.4] AndroidManifest.xml:6:9-194
	android:authorities
		ADDED from [com.google.firebase:firebase-common:11.0.4] AndroidManifest.xml:6:19-78
	android:exported
		ADDED from [com.google.firebase:firebase-common:11.0.4] AndroidManifest.xml:6:144-168
	android:initOrder
		ADDED from [com.google.firebase:firebase-common:11.0.4] AndroidManifest.xml:6:169-192
	android:name
		ADDED from [com.google.firebase:firebase-common:11.0.4] AndroidManifest.xml:6:79-143
meta-data#com.google.android.gms.version
ADDED from [com.google.android.gms:play-services-basement:11.0.4] AndroidManifest.xml:20:9-121
	android:value
		ADDED from [com.google.android.gms:play-services-basement:11.0.4] AndroidManifest.xml:20:66-119
	android:name
		ADDED from [com.google.android.gms:play-services-basement:11.0.4] AndroidManifest.xml:20:20-65